<?xml version="1.0" encoding="UTF-8"?>
<!-- Generated by org.testng.reporters.JUnitXMLReporter -->
<testsuite ignored="0" hostname="DESKTOP-M4M4F9C" failures="0" tests="6" name="Test" time="75.931" errors="0" timestamp="2026-05-18T14:18:28 IST">
  <testcase classname="TestClasses.LoginTest" name="loginapp" time="4.564"/>
  <testcase classname="TestClasses.CreateNewAppointmentTest" name="book" time="5.014"/>
  <testcase classname="TestClasses.CreateNewAppointmentTest" name="book" time="2.591">
    <skipped/>
  </testcase> <!-- book -->
  <testcase classname="TestClasses.CreateNewAppointmentTest" name="book" time="5.255"/>
  <testcase classname="TestClasses.BookedAppointmentTest" name="bookConsult" time="7.877"/>
  <testcase classname="TestClasses.BookedAppointmentTest" name="bookConsult" time="8.175"/>
</testsuite> <!-- Test -->
