<?xml version="1.0" encoding="UTF-8"?>
<!-- Generated by org.testng.reporters.JUnitReportReporter -->
<testsuite hostname="DESKTOP-M4M4F9C" failures="0" tests="2" name="TestClasses.CreateNewAppointmentTest" time="24.395" errors="0" timestamp="2026-05-18T14:20:51 IST" skipped="0">
  <testcase classname="TestClasses.CreateNewAppointmentTest" name="book" time="12.219"/>
  <system-out>
    <![CDATA[Browser opened
Test successful]]>
  </system-out>
  <testcase classname="TestClasses.CreateNewAppointmentTest" name="book" time="12.176"/>
  <system-out>
    <![CDATA[Browser opened
Test successful]]>
  </system-out>
</testsuite> <!-- TestClasses.CreateNewAppointmentTest -->
