<?xml version="1.0" encoding="UTF-8"?>
<!-- Generated by org.testng.reporters.JUnitReportReporter -->
<testsuite hostname="DESKTOP-M4M4F9C" failures="0" tests="2" name="TestClasses.BookedAppointmentTest" time="37.586" errors="0" timestamp="2026-05-18T14:20:51 IST" skipped="0">
  <testcase classname="TestClasses.BookedAppointmentTest" name="bookConsult" time="16.746"/>
  <system-out>
    <![CDATA[Browser opened
Test successful]]>
  </system-out>
  <testcase classname="TestClasses.BookedAppointmentTest" name="bookConsult" time="20.840"/>
  <system-out>
    <![CDATA[Browser opened
Test successful]]>
  </system-out>
</testsuite> <!-- TestClasses.BookedAppointmentTest -->
