<?xml version="1.0" encoding="UTF-8"?>
<testng-results retried="1" ignored="0" total="6" passed="5" failed="0" skipped="0">
  <reporter-output>
    <line>
      <![CDATA[Browser opened]]>
    </line>
    <line>
      <![CDATA[Test successful]]>
    </line>
    <line>
      <![CDATA[Browser opened]]>
    </line>
    <line>
      <![CDATA[Test successful]]>
    </line>
    <line>
      <![CDATA[Browser opened]]>
    </line>
    <line>
      <![CDATA[Browser opened]]>
    </line>
    <line>
      <![CDATA[Test successful]]>
    </line>
    <line>
      <![CDATA[Browser opened]]>
    </line>
    <line>
      <![CDATA[Test successful]]>
    </line>
    <line>
      <![CDATA[Browser opened]]>
    </line>
    <line>
      <![CDATA[Test successful]]>
    </line>
  </reporter-output>
  <suite started-at="2026-05-18T14:17:12 IST" name="Suite" finished-at="2026-05-18T14:18:28 IST" duration-ms="75931">
    <groups>
      <group name="smoke">
        <method signature="LoginTest.loginapp()[pri:1, instance:TestClasses.LoginTest@2a65fe7c]" name="loginapp" class="TestClasses.LoginTest"/>
        <method signature="CreateNewAppointmentTest.book(java.lang.String,java.lang.String)[pri:2, instance:TestClasses.CreateNewAppointmentTest@74235045]" name="book" class="TestClasses.CreateNewAppointmentTest"/>
        <method signature="BookedAppointmentTest.bookConsult(java.lang.String,java.lang.String)[pri:3, instance:TestClasses.BookedAppointmentTest@618b19ad]" name="bookConsult" class="TestClasses.BookedAppointmentTest"/>
      </group> <!-- smoke -->
    </groups>
    <test started-at="2026-05-18T14:17:12 IST" name="Test" finished-at="2026-05-18T14:18:28 IST" duration-ms="75931">
      <class name="TestClasses.CreateNewAppointmentTest">
        <test-method is-config="true" signature="launchBrowser()[pri:0, instance:TestClasses.CreateNewAppointmentTest@74235045]" started-at="2026-05-18T14:17:26 IST" name="launchBrowser" finished-at="2026-05-18T14:17:31 IST" duration-ms="5874" status="PASS">
          <reporter-output>
          </reporter-output>
        </test-method> <!-- launchBrowser -->
        <test-method signature="book(java.lang.String,java.lang.String)[pri:2, instance:TestClasses.CreateNewAppointmentTest@74235045]" started-at="2026-05-18T14:17:31 IST" name="book" data-provider="dp" finished-at="2026-05-18T14:17:37 IST" duration-ms="5014" status="PASS">
          <params>
            <param index="0">
              <value>
                <![CDATA[20/04/2026]]>
              </value>
            </param>
            <param index="1">
              <value>
                <![CDATA[Consult Dentist]]>
              </value>
            </param>
          </params>
          <reporter-output>
            <line>
              <![CDATA[Browser opened]]>
            </line>
            <line>
              <![CDATA[Test successful]]>
            </line>
          </reporter-output>
        </test-method> <!-- book -->
        <test-method is-config="true" signature="closeBrowser()[pri:0, instance:TestClasses.CreateNewAppointmentTest@74235045]" started-at="2026-05-18T14:17:37 IST" name="closeBrowser" finished-at="2026-05-18T14:17:37 IST" duration-ms="704" status="PASS">
          <reporter-output>
          </reporter-output>
        </test-method> <!-- closeBrowser -->
        <test-method is-config="true" signature="launchBrowser()[pri:0, instance:TestClasses.CreateNewAppointmentTest@74235045]" started-at="2026-05-18T14:17:37 IST" name="launchBrowser" finished-at="2026-05-18T14:17:44 IST" duration-ms="6321" status="PASS">
          <reporter-output>
          </reporter-output>
        </test-method> <!-- launchBrowser -->
        <test-method retried="true" signature="book(java.lang.String,java.lang.String)[pri:2, instance:TestClasses.CreateNewAppointmentTest@74235045]" started-at="2026-05-18T14:17:44 IST" name="book" data-provider="dp" finished-at="2026-05-18T14:17:46 IST" duration-ms="2591" status="SKIP">
          <params>
            <param index="0">
              <value>
                <![CDATA[25/04/2026]]>
              </value>
            </param>
            <param index="1">
              <value>
                <![CDATA[Consult Physician]]>
              </value>
            </param>
          </params>
          <exception class="org.openqa.selenium.NoSuchElementException">
            <message>
              <![CDATA[no such element: Unable to locate element: {"method":"css selector","selector":"[name='facility']"}
  (Session info: chrome=148.0.7778.168)
For documentation on this error, please visit: https://www.selenium.dev/documentation/webdriver/troubleshooting/errors#nosuchelementexception
Build info: version: '4.39.0', revision: '126f156aee'
System info: os.name: 'Windows 11', os.arch: 'amd64', os.version: '10.0', java.version: '21.0.8'
Driver info: org.openqa.selenium.chrome.ChromeDriver
Command: [ffca275ba20b1ee920b8075ccfa1f086, findElement {using=css selector, value=[name='facility']}]
Capabilities {acceptInsecureCerts: false, browserName: chrome, browserVersion: 148.0.7778.168, chrome: {chromedriverVersion: 148.0.7778.167 (65db666ac2c..., userDataDir: C:\Users\admin\AppData\Loca...}, fedcm:accounts: true, goog:chromeOptions: {debuggerAddress: localhost:56215}, goog:processID: 17436, networkConnectionEnabled: false, pageLoadStrategy: normal, platformName: windows, proxy: Proxy(), se:cdp: ws://localhost:56215/devtoo..., se:cdpVersion: 148.0.7778.168, setWindowRect: true, strictFileInteractability: false, timeouts: {implicit: 0, pageLoad: 300000, script: 30000}, unhandledPromptBehavior: dismiss and notify, webauthn:extension:credBlob: true, webauthn:extension:largeBlob: true, webauthn:extension:minPinLength: true, webauthn:extension:prf: true, webauthn:virtualAuthenticators: true}
Session ID: ffca275ba20b1ee920b8075ccfa1f086]]>
            </message>
            <full-stacktrace>
              <![CDATA[org.openqa.selenium.NoSuchElementException: no such element: Unable to locate element: {"method":"css selector","selector":"[name='facility']"}
  (Session info: chrome=148.0.7778.168)
For documentation on this error, please visit: https://www.selenium.dev/documentation/webdriver/troubleshooting/errors#nosuchelementexception
Build info: version: '4.39.0', revision: '126f156aee'
System info: os.name: 'Windows 11', os.arch: 'amd64', os.version: '10.0', java.version: '21.0.8'
Driver info: org.openqa.selenium.chrome.ChromeDriver
Command: [ffca275ba20b1ee920b8075ccfa1f086, findElement {using=css selector, value=[name='facility']}]
Capabilities {acceptInsecureCerts: false, browserName: chrome, browserVersion: 148.0.7778.168, chrome: {chromedriverVersion: 148.0.7778.167 (65db666ac2c..., userDataDir: C:\Users\admin\AppData\Loca...}, fedcm:accounts: true, goog:chromeOptions: {debuggerAddress: localhost:56215}, goog:processID: 17436, networkConnectionEnabled: false, pageLoadStrategy: normal, platformName: windows, proxy: Proxy(), se:cdp: ws://localhost:56215/devtoo..., se:cdpVersion: 148.0.7778.168, setWindowRect: true, strictFileInteractability: false, timeouts: {implicit: 0, pageLoad: 300000, script: 30000}, unhandledPromptBehavior: dismiss and notify, webauthn:extension:credBlob: true, webauthn:extension:largeBlob: true, webauthn:extension:minPinLength: true, webauthn:extension:prf: true, webauthn:virtualAuthenticators: true}
Session ID: ffca275ba20b1ee920b8075ccfa1f086
at java.base/jdk.internal.reflect.DirectConstructorHandleAccessor.newInstance(DirectConstructorHandleAccessor.java:62)
at java.base/java.lang.reflect.Constructor.newInstanceWithCaller(Constructor.java:502)
at java.base/java.lang.reflect.Constructor.newInstance(Constructor.java:486)
at org.openqa.selenium.remote.ErrorCodec.decode(ErrorCodec.java:167)
at org.openqa.selenium.remote.codec.w3c.W3CHttpResponseCodec.decode(W3CHttpResponseCodec.java:142)
at org.openqa.selenium.remote.codec.w3c.W3CHttpResponseCodec.decode(W3CHttpResponseCodec.java:49)
at org.openqa.selenium.remote.HttpCommandExecutor.execute(HttpCommandExecutor.java:215)
at org.openqa.selenium.remote.service.DriverCommandExecutor.invokeExecute(DriverCommandExecutor.java:216)
at org.openqa.selenium.remote.service.DriverCommandExecutor.execute(DriverCommandExecutor.java:174)
at org.openqa.selenium.remote.RemoteWebDriver.execute(RemoteWebDriver.java:561)
at org.openqa.selenium.remote.ElementLocation$ElementFinder$2.findElement(ElementLocation.java:166)
at org.openqa.selenium.remote.ElementLocation.findElement(ElementLocation.java:60)
at org.openqa.selenium.remote.RemoteWebDriver.findElement(RemoteWebDriver.java:384)
at org.openqa.selenium.remote.RemoteWebDriver.findElement(RemoteWebDriver.java:378)
at TestClasses.CreateNewAppointmentTest.book(CreateNewAppointmentTest.java:35)
at java.base/jdk.internal.reflect.DirectMethodHandleAccessor.invoke(DirectMethodHandleAccessor.java:103)
at java.base/java.lang.reflect.Method.invoke(Method.java:580)
at org.testng.internal.invokers.MethodInvocationHelper.invokeMethod(MethodInvocationHelper.java:139)
at org.testng.internal.invokers.TestInvoker.invokeMethod(TestInvoker.java:677)
at org.testng.internal.invokers.TestInvoker.invokeTestMethod(TestInvoker.java:221)
at org.testng.internal.invokers.MethodRunner.runInSequence(MethodRunner.java:50)
at org.testng.internal.invokers.TestInvoker$MethodInvocationAgent.invoke(TestInvoker.java:969)
at org.testng.internal.invokers.TestInvoker.invokeTestMethods(TestInvoker.java:194)
at org.testng.internal.invokers.TestMethodWorker.invokeTestMethods(TestMethodWorker.java:148)
at org.testng.internal.invokers.TestMethodWorker.run(TestMethodWorker.java:128)
at java.base/java.util.ArrayList.forEach(ArrayList.java:1596)
at org.testng.TestRunner.privateRun(TestRunner.java:829)
at org.testng.TestRunner.run(TestRunner.java:602)
at org.testng.SuiteRunner.runTest(SuiteRunner.java:437)
at org.testng.SuiteRunner.runSequentially(SuiteRunner.java:431)
at org.testng.SuiteRunner.privateRun(SuiteRunner.java:391)
at org.testng.SuiteRunner.run(SuiteRunner.java:330)
at org.testng.SuiteRunnerWorker.runSuite(SuiteRunnerWorker.java:52)
at org.testng.SuiteRunnerWorker.run(SuiteRunnerWorker.java:95)
at org.testng.TestNG.runSuitesSequentially(TestNG.java:1256)
at org.testng.TestNG.runSuitesLocally(TestNG.java:1176)
at org.testng.TestNG.runSuites(TestNG.java:1099)
at org.testng.TestNG.run(TestNG.java:1067)
at org.testng.remote.AbstractRemoteTestNG.run(AbstractRemoteTestNG.java:115)
at org.testng.remote.RemoteTestNG.initAndRun(RemoteTestNG.java:293)
at org.testng.remote.RemoteTestNG.main(RemoteTestNG.java:91)
]]>
            </full-stacktrace>
          </exception> <!-- org.openqa.selenium.NoSuchElementException -->
          <reporter-output>
            <line>
              <![CDATA[Browser opened]]>
            </line>
          </reporter-output>
        </test-method> <!-- book -->
        <test-method is-config="true" signature="closeBrowser()[pri:0, instance:TestClasses.CreateNewAppointmentTest@74235045]" started-at="2026-05-18T14:17:46 IST" name="closeBrowser" finished-at="2026-05-18T14:17:47 IST" duration-ms="429" status="PASS">
          <reporter-output>
          </reporter-output>
        </test-method> <!-- closeBrowser -->
        <test-method is-config="true" signature="launchBrowser()[pri:0, instance:TestClasses.CreateNewAppointmentTest@74235045]" started-at="2026-05-18T14:17:47 IST" name="launchBrowser" finished-at="2026-05-18T14:17:53 IST" duration-ms="6078" status="PASS">
          <reporter-output>
          </reporter-output>
        </test-method> <!-- launchBrowser -->
        <test-method signature="book(java.lang.String,java.lang.String)[pri:2, instance:TestClasses.CreateNewAppointmentTest@74235045]" started-at="2026-05-18T14:17:53 IST" name="book" data-provider="dp" finished-at="2026-05-18T14:17:58 IST" duration-ms="5255" status="PASS">
          <params>
            <param index="0">
              <value>
                <![CDATA[25/04/2026]]>
              </value>
            </param>
            <param index="1">
              <value>
                <![CDATA[Consult Physician]]>
              </value>
            </param>
          </params>
          <reporter-output>
            <line>
              <![CDATA[Browser opened]]>
            </line>
            <line>
              <![CDATA[Test successful]]>
            </line>
          </reporter-output>
        </test-method> <!-- book -->
        <test-method is-config="true" signature="closeBrowser()[pri:0, instance:TestClasses.CreateNewAppointmentTest@74235045]" started-at="2026-05-18T14:17:58 IST" name="closeBrowser" finished-at="2026-05-18T14:17:59 IST" duration-ms="722" status="PASS">
          <reporter-output>
          </reporter-output>
        </test-method> <!-- closeBrowser -->
      </class> <!-- TestClasses.CreateNewAppointmentTest -->
      <class name="TestClasses.LoginTest">
        <test-method is-config="true" signature="launchBrowser()[pri:0, instance:TestClasses.LoginTest@2a65fe7c]" started-at="2026-05-18T14:17:12 IST" name="launchBrowser" finished-at="2026-05-18T14:17:20 IST" duration-ms="8474" status="PASS">
          <reporter-output>
          </reporter-output>
        </test-method> <!-- launchBrowser -->
        <test-method signature="loginapp()[pri:1, instance:TestClasses.LoginTest@2a65fe7c]" started-at="2026-05-18T14:17:20 IST" name="loginapp" finished-at="2026-05-18T14:17:25 IST" duration-ms="4564" status="PASS">
          <reporter-output>
            <line>
              <![CDATA[Browser opened]]>
            </line>
            <line>
              <![CDATA[Test successful]]>
            </line>
          </reporter-output>
        </test-method> <!-- loginapp -->
        <test-method is-config="true" signature="closeBrowser()[pri:0, instance:TestClasses.LoginTest@2a65fe7c]" started-at="2026-05-18T14:17:25 IST" name="closeBrowser" finished-at="2026-05-18T14:17:26 IST" duration-ms="533" status="PASS">
          <reporter-output>
          </reporter-output>
        </test-method> <!-- closeBrowser -->
      </class> <!-- TestClasses.LoginTest -->
      <class name="TestClasses.BookedAppointmentTest">
        <test-method is-config="true" signature="launchBrowser()[pri:0, instance:TestClasses.BookedAppointmentTest@618b19ad]" started-at="2026-05-18T14:17:59 IST" name="launchBrowser" finished-at="2026-05-18T14:18:04 IST" duration-ms="5744" status="PASS">
          <reporter-output>
          </reporter-output>
        </test-method> <!-- launchBrowser -->
        <test-method signature="bookConsult(java.lang.String,java.lang.String)[pri:3, instance:TestClasses.BookedAppointmentTest@618b19ad]" started-at="2026-05-18T14:18:04 IST" name="bookConsult" data-provider="Book" finished-at="2026-05-18T14:18:12 IST" duration-ms="7877" status="PASS">
          <params>
            <param index="0">
              <value>
                <![CDATA[27/05/2026]]>
              </value>
            </param>
            <param index="1">
              <value>
                <![CDATA[consult for dematologist]]>
              </value>
            </param>
          </params>
          <reporter-output>
            <line>
              <![CDATA[Browser opened]]>
            </line>
            <line>
              <![CDATA[Test successful]]>
            </line>
          </reporter-output>
        </test-method> <!-- bookConsult -->
        <test-method is-config="true" signature="closeBrowser()[pri:0, instance:TestClasses.BookedAppointmentTest@618b19ad]" started-at="2026-05-18T14:18:12 IST" name="closeBrowser" finished-at="2026-05-18T14:18:13 IST" duration-ms="397" status="PASS">
          <reporter-output>
          </reporter-output>
        </test-method> <!-- closeBrowser -->
        <test-method is-config="true" signature="launchBrowser()[pri:0, instance:TestClasses.BookedAppointmentTest@618b19ad]" started-at="2026-05-18T14:18:13 IST" name="launchBrowser" finished-at="2026-05-18T14:18:19 IST" duration-ms="6563" status="PASS">
          <reporter-output>
          </reporter-output>
        </test-method> <!-- launchBrowser -->
        <test-method signature="bookConsult(java.lang.String,java.lang.String)[pri:3, instance:TestClasses.BookedAppointmentTest@618b19ad]" started-at="2026-05-18T14:18:19 IST" name="bookConsult" data-provider="Book" finished-at="2026-05-18T14:18:27 IST" duration-ms="8175" status="PASS">
          <params>
            <param index="0">
              <value>
                <![CDATA[28/05/2026]]>
              </value>
            </param>
            <param index="1">
              <value>
                <![CDATA[consult for physio]]>
              </value>
            </param>
          </params>
          <reporter-output>
            <line>
              <![CDATA[Browser opened]]>
            </line>
            <line>
              <![CDATA[Test successful]]>
            </line>
          </reporter-output>
        </test-method> <!-- bookConsult -->
        <test-method is-config="true" signature="closeBrowser()[pri:0, instance:TestClasses.BookedAppointmentTest@618b19ad]" started-at="2026-05-18T14:18:27 IST" name="closeBrowser" finished-at="2026-05-18T14:18:28 IST" duration-ms="411" status="PASS">
          <reporter-output>
          </reporter-output>
        </test-method> <!-- closeBrowser -->
      </class> <!-- TestClasses.BookedAppointmentTest -->
    </test> <!-- Test -->
  </suite> <!-- Suite -->
</testng-results>
