<?xml version="1.0" encoding="UTF-8"?>
<!-- Generated by org.testng.reporters.JUnitXMLReporter -->
<testsuite ignored="0" hostname="DESKTOP-M4M4F9C" failures="0" tests="6" name="Surefire test" time="82.764" errors="0" timestamp="2026-05-18T14:20:50 IST">
  <testcase classname="TestClasses.BookedAppointmentTest" name="bookConsult" time="11.381"/>
  <testcase classname="TestClasses.BookedAppointmentTest" name="bookConsult" time="8.95"/>
  <testcase classname="TestClasses.CreateNewAppointmentTest" name="book" time="5.404"/>
  <testcase classname="TestClasses.CreateNewAppointmentTest" name="book" time="5.022"/>
  <testcase classname="TestClasses.LoginTest" name="loginapp" time="1.952"/>
  <testcase classname="TestClasses.LogoutTest" name="logout" time="3.602"/>
</testsuite> <!-- Surefire test -->
