<?xml version="1.0" encoding="UTF-8"?>
<!-- Generated by org.testng.reporters.JUnitReportReporter -->
<testsuite hostname="DESKTOP-M4M4F9C" failures="0" tests="3" name="TestClasses.CreateNewAppointmentTest" time="32.988" errors="0" timestamp="2026-05-18T14:18:28 IST" skipped="1">
  <testcase classname="TestClasses.CreateNewAppointmentTest" name="book" time="12.039"/>
  <system-out>
    <![CDATA[Browser opened
Test successful]]>
  </system-out>
  <testcase classname="TestClasses.CreateNewAppointmentTest" name="book" time="9.391">
    <skipped/>
  </testcase> <!-- book -->
  <system-out>
    <![CDATA[Browser opened]]>
  </system-out>
  <testcase classname="TestClasses.CreateNewAppointmentTest" name="book" time="11.558"/>
  <system-out>
    <![CDATA[Browser opened
Test successful]]>
  </system-out>
</testsuite> <!-- TestClasses.CreateNewAppointmentTest -->
