<?xml version="1.0" encoding="UTF-8"?>
<!-- Generated by org.testng.reporters.JUnitReportReporter -->
<testsuite hostname="DESKTOP-M4M4F9C" failures="0" tests="2" name="TestClasses.BookedAppointmentTest" time="29.167" errors="0" timestamp="2026-05-18T14:18:28 IST" skipped="0">
  <testcase classname="TestClasses.BookedAppointmentTest" name="bookConsult" time="14.330"/>
  <system-out>
    <![CDATA[Browser opened
Test successful]]>
  </system-out>
  <testcase classname="TestClasses.BookedAppointmentTest" name="bookConsult" time="14.837"/>
  <system-out>
    <![CDATA[Browser opened
Test successful]]>
  </system-out>
</testsuite> <!-- TestClasses.BookedAppointmentTest -->
