<?xml version="1.0" encoding="UTF-8"?>
<testng-results ignored="0" total="6" passed="6" failed="0" skipped="0">
  <reporter-output>
    <line>
      <![CDATA[Browser opened]]>
    </line>
    <line>
      <![CDATA[Test successful]]>
    </line>
    <line>
      <![CDATA[Browser opened]]>
    </line>
    <line>
      <![CDATA[Test successful]]>
    </line>
    <line>
      <![CDATA[Browser opened]]>
    </line>
    <line>
      <![CDATA[Test successful]]>
    </line>
    <line>
      <![CDATA[Browser opened]]>
    </line>
    <line>
      <![CDATA[Test successful]]>
    </line>
    <line>
      <![CDATA[Browser opened]]>
    </line>
    <line>
      <![CDATA[Test successful]]>
    </line>
    <line>
      <![CDATA[Browser opened]]>
    </line>
    <line>
      <![CDATA[Test successful]]>
    </line>
  </reporter-output>
  <suite started-at="2026-05-18T14:19:28 IST" name="Surefire suite" finished-at="2026-05-18T14:20:50 IST" duration-ms="82764">
    <groups>
      <group name="smoke">
        <method signature="LoginTest.loginapp()[pri:1, instance:TestClasses.LoginTest@3c87521]" name="loginapp" class="TestClasses.LoginTest"/>
        <method signature="CreateNewAppointmentTest.book(java.lang.String,java.lang.String)[pri:2, instance:TestClasses.CreateNewAppointmentTest@14a2f921]" name="book" class="TestClasses.CreateNewAppointmentTest"/>
        <method signature="BookedAppointmentTest.bookConsult(java.lang.String,java.lang.String)[pri:3, instance:TestClasses.BookedAppointmentTest@55040f2f]" name="bookConsult" class="TestClasses.BookedAppointmentTest"/>
        <method signature="LogoutTest.logout()[pri:4, instance:TestClasses.LogoutTest@2aece37d]" name="logout" class="TestClasses.LogoutTest"/>
      </group> <!-- smoke -->
    </groups>
    <test started-at="2026-05-18T14:19:28 IST" name="Surefire test" finished-at="2026-05-18T14:20:50 IST" duration-ms="82764">
      <class name="TestClasses.CreateNewAppointmentTest">
        <test-method is-config="true" signature="launchBrowser()[pri:0, instance:TestClasses.CreateNewAppointmentTest@14a2f921]" started-at="2026-05-18T14:20:05 IST" name="launchBrowser" finished-at="2026-05-18T14:20:12 IST" duration-ms="6756" status="PASS">
          <reporter-output>
          </reporter-output>
        </test-method> <!-- launchBrowser -->
        <test-method signature="book(java.lang.String,java.lang.String)[pri:2, instance:TestClasses.CreateNewAppointmentTest@14a2f921]" started-at="2026-05-18T14:20:12 IST" name="book" data-provider="dp" finished-at="2026-05-18T14:20:17 IST" duration-ms="5404" status="PASS">
          <params>
            <param index="0">
              <value>
                <![CDATA[20/04/2026]]>
              </value>
            </param>
            <param index="1">
              <value>
                <![CDATA[Consult Dentist]]>
              </value>
            </param>
          </params>
          <reporter-output>
            <line>
              <![CDATA[Browser opened]]>
            </line>
            <line>
              <![CDATA[Test successful]]>
            </line>
          </reporter-output>
        </test-method> <!-- book -->
        <test-method is-config="true" signature="closeBrowser()[pri:0, instance:TestClasses.CreateNewAppointmentTest@14a2f921]" started-at="2026-05-18T14:20:17 IST" name="closeBrowser" finished-at="2026-05-18T14:20:18 IST" duration-ms="398" status="PASS">
          <reporter-output>
          </reporter-output>
        </test-method> <!-- closeBrowser -->
        <test-method is-config="true" signature="launchBrowser()[pri:0, instance:TestClasses.CreateNewAppointmentTest@14a2f921]" started-at="2026-05-18T14:20:18 IST" name="launchBrowser" finished-at="2026-05-18T14:20:24 IST" duration-ms="6373" status="PASS">
          <reporter-output>
          </reporter-output>
        </test-method> <!-- launchBrowser -->
        <test-method signature="book(java.lang.String,java.lang.String)[pri:2, instance:TestClasses.CreateNewAppointmentTest@14a2f921]" started-at="2026-05-18T14:20:24 IST" name="book" data-provider="dp" finished-at="2026-05-18T14:20:29 IST" duration-ms="5022" status="PASS">
          <params>
            <param index="0">
              <value>
                <![CDATA[25/04/2026]]>
              </value>
            </param>
            <param index="1">
              <value>
                <![CDATA[Consult Physician]]>
              </value>
            </param>
          </params>
          <reporter-output>
            <line>
              <![CDATA[Browser opened]]>
            </line>
            <line>
              <![CDATA[Test successful]]>
            </line>
          </reporter-output>
        </test-method> <!-- book -->
        <test-method is-config="true" signature="closeBrowser()[pri:0, instance:TestClasses.CreateNewAppointmentTest@14a2f921]" started-at="2026-05-18T14:20:29 IST" name="closeBrowser" finished-at="2026-05-18T14:20:30 IST" duration-ms="442" status="PASS">
          <reporter-output>
          </reporter-output>
        </test-method> <!-- closeBrowser -->
      </class> <!-- TestClasses.CreateNewAppointmentTest -->
      <class name="TestClasses.LogoutTest">
        <test-method is-config="true" signature="launchBrowser()[pri:0, instance:TestClasses.LogoutTest@2aece37d]" started-at="2026-05-18T14:20:39 IST" name="launchBrowser" finished-at="2026-05-18T14:20:46 IST" duration-ms="7195" status="PASS">
          <reporter-output>
          </reporter-output>
        </test-method> <!-- launchBrowser -->
        <test-method signature="logout()[pri:4, instance:TestClasses.LogoutTest@2aece37d]" started-at="2026-05-18T14:20:46 IST" name="logout" finished-at="2026-05-18T14:20:50 IST" duration-ms="3602" status="PASS">
          <reporter-output>
            <line>
              <![CDATA[Browser opened]]>
            </line>
            <line>
              <![CDATA[Test successful]]>
            </line>
          </reporter-output>
        </test-method> <!-- logout -->
        <test-method is-config="true" signature="closeBrowser()[pri:0, instance:TestClasses.LogoutTest@2aece37d]" started-at="2026-05-18T14:20:50 IST" name="closeBrowser" finished-at="2026-05-18T14:20:50 IST" duration-ms="388" status="PASS">
          <reporter-output>
          </reporter-output>
        </test-method> <!-- closeBrowser -->
      </class> <!-- TestClasses.LogoutTest -->
      <class name="TestClasses.LoginTest">
        <test-method is-config="true" signature="launchBrowser()[pri:0, instance:TestClasses.LoginTest@3c87521]" started-at="2026-05-18T14:20:30 IST" name="launchBrowser" finished-at="2026-05-18T14:20:37 IST" duration-ms="6925" status="PASS">
          <reporter-output>
          </reporter-output>
        </test-method> <!-- launchBrowser -->
        <test-method signature="loginapp()[pri:1, instance:TestClasses.LoginTest@3c87521]" started-at="2026-05-18T14:20:37 IST" name="loginapp" finished-at="2026-05-18T14:20:39 IST" duration-ms="1952" status="PASS">
          <reporter-output>
            <line>
              <![CDATA[Browser opened]]>
            </line>
            <line>
              <![CDATA[Test successful]]>
            </line>
          </reporter-output>
        </test-method> <!-- loginapp -->
        <test-method is-config="true" signature="closeBrowser()[pri:0, instance:TestClasses.LoginTest@3c87521]" started-at="2026-05-18T14:20:39 IST" name="closeBrowser" finished-at="2026-05-18T14:20:39 IST" duration-ms="574" status="PASS">
          <reporter-output>
          </reporter-output>
        </test-method> <!-- closeBrowser -->
      </class> <!-- TestClasses.LoginTest -->
      <class name="TestClasses.BookedAppointmentTest">
        <test-method is-config="true" signature="launchBrowser()[pri:0, instance:TestClasses.BookedAppointmentTest@55040f2f]" started-at="2026-05-18T14:19:28 IST" name="launchBrowser" finished-at="2026-05-18T14:19:36 IST" duration-ms="8769" status="PASS">
          <reporter-output>
          </reporter-output>
        </test-method> <!-- launchBrowser -->
        <test-method signature="bookConsult(java.lang.String,java.lang.String)[pri:3, instance:TestClasses.BookedAppointmentTest@55040f2f]" started-at="2026-05-18T14:19:36 IST" name="bookConsult" data-provider="Book" finished-at="2026-05-18T14:19:48 IST" duration-ms="11381" status="PASS">
          <params>
            <param index="0">
              <value>
                <![CDATA[27/05/2026]]>
              </value>
            </param>
            <param index="1">
              <value>
                <![CDATA[consult for dematologist]]>
              </value>
            </param>
          </params>
          <reporter-output>
            <line>
              <![CDATA[Browser opened]]>
            </line>
            <line>
              <![CDATA[Test successful]]>
            </line>
          </reporter-output>
        </test-method> <!-- bookConsult -->
        <test-method is-config="true" signature="closeBrowser()[pri:0, instance:TestClasses.BookedAppointmentTest@55040f2f]" started-at="2026-05-18T14:19:48 IST" name="closeBrowser" finished-at="2026-05-18T14:19:49 IST" duration-ms="687" status="PASS">
          <reporter-output>
          </reporter-output>
        </test-method> <!-- closeBrowser -->
        <test-method is-config="true" signature="launchBrowser()[pri:0, instance:TestClasses.BookedAppointmentTest@55040f2f]" started-at="2026-05-18T14:19:49 IST" name="launchBrowser" finished-at="2026-05-18T14:19:56 IST" duration-ms="7109" status="PASS">
          <reporter-output>
          </reporter-output>
        </test-method> <!-- launchBrowser -->
        <test-method signature="bookConsult(java.lang.String,java.lang.String)[pri:3, instance:TestClasses.BookedAppointmentTest@55040f2f]" started-at="2026-05-18T14:19:56 IST" name="bookConsult" data-provider="Book" finished-at="2026-05-18T14:20:05 IST" duration-ms="8950" status="PASS">
          <params>
            <param index="0">
              <value>
                <![CDATA[28/05/2026]]>
              </value>
            </param>
            <param index="1">
              <value>
                <![CDATA[consult for physio]]>
              </value>
            </param>
          </params>
          <reporter-output>
            <line>
              <![CDATA[Browser opened]]>
            </line>
            <line>
              <![CDATA[Test successful]]>
            </line>
          </reporter-output>
        </test-method> <!-- bookConsult -->
        <test-method is-config="true" signature="closeBrowser()[pri:0, instance:TestClasses.BookedAppointmentTest@55040f2f]" started-at="2026-05-18T14:20:05 IST" name="closeBrowser" finished-at="2026-05-18T14:20:05 IST" duration-ms="690" status="PASS">
          <reporter-output>
          </reporter-output>
        </test-method> <!-- closeBrowser -->
      </class> <!-- TestClasses.BookedAppointmentTest -->
    </test> <!-- Surefire test -->
  </suite> <!-- Surefire suite -->
</testng-results>
