<?xml version="1.0" encoding="UTF-8"?>
<testsuite xmlns:xsi="http://www.w3.org/2001/XMLSchema-instance" xsi:noNamespaceSchemaLocation="https://maven.apache.org/surefire/maven-surefire-plugin/xsd/surefire-test-report.xsd" name="TestSuite" time="84.46" tests="6" errors="0" skipped="0" failures="0">
  <properties>
[...]
</properties>
  <testcase name="bookConsult" classname="TestClasses.BookedAppointmentTest" time="11.383"/>
  <testcase name="bookConsult" classname="TestClasses.BookedAppointmentTest" time="8.95"/>
  <testcase name="book" classname="TestClasses.CreateNewAppointmentTest" time="5.41"/>
  <testcase name="book" classname="TestClasses.CreateNewAppointmentTest" time="5.023"/>
  <testcase name="loginapp" classname="TestClasses.LoginTest" time="1.952"/>
  <testcase name="logout" classname="TestClasses.LogoutTest" time="3.605"/>
</testsuite>